<?xml version="1.0" encoding="UTF-8" ?>
<testsuite failures="1" time="0.037" errors="0" skipped="0" tests="6" name="com.seveniruby.testin_junit.AppTest">
  <properties>
    <property name="java.runtime.name" value="Java(TM) SE Runtime Environment"/>
    <property name="sun.boot.library.path" value="D:\Program Files (x86)\Java\jdk1.7.0_40\jre\bin"/>
    <property name="java.vm.version" value="24.0-b56"/>
    <property name="java.vm.vendor" value="Oracle Corporation"/>
    <property name="java.vendor.url" value="http://java.oracle.com/"/>
    <property name="path.separator" value=";"/>
    <property name="guice.disable.misplaced.annotation.check" value="true"/>
    <property name="java.vm.name" value="Java HotSpot(TM) Client VM"/>
    <property name="file.encoding.pkg" value="sun.io"/>
    <property name="user.script" value=""/>
    <property name="user.country" value="CN"/>
    <property name="sun.java.launcher" value="SUN_STANDARD"/>
    <property name="sun.os.patch.level" value=""/>
    <property name="test" value="com.seveniruby.testin_junit.AppTest"/>
    <property name="java.vm.specification.name" value="Java Virtual Machine Specification"/>
    <property name="user.dir" value="D:\seven\github\testin_junit"/>
    <property name="java.runtime.version" value="1.7.0_40-b43"/>
    <property name="java.awt.graphicsenv" value="sun.awt.Win32GraphicsEnvironment"/>
    <property name="java.endorsed.dirs" value="D:\Program Files (x86)\Java\jdk1.7.0_40\jre\lib\endorsed"/>
    <property name="os.arch" value="x86"/>
    <property name="java.io.tmpdir" value="C:\Users\thinkpad\AppData\Local\Temp\"/>
    <property name="line.separator" value="
"/>
    <property name="java.vm.specification.vendor" value="Oracle Corporation"/>
    <property name="user.variant" value=""/>
    <property name="os.name" value="Windows 8"/>
    <property name="maven.ext.class.path" value="C:\Users\thinkpad\AppData\Roaming\NetBeans\7.4\maven-nblib\netbeans-eventspy.jar"/>
    <property name="classworlds.conf" value="C:\Users\thinkpad\AppData\Roaming\NetBeans\7.4\maven\bin\m2.conf"/>
    <property name="netbeansProjectMappings" value=""/>
    <property name="sun.jnu.encoding" value="GBK"/>
    <property name="java.library.path" value="D:\Program Files (x86)\Java\jdk1.7.0_40\bin;C:\windows\Sun\Java\bin;C:\windows\system32;C:\windows;D:\runtimes\sencha\cmd\Sencha\Cmd\4.0.1.45;D:\runtimes\sencha\cmd\Sencha\Cmd\4.0.0.203;C:\Program Files (x86)\Common Files\NetSarang;C:\Program Files (x86)\Intel\iCLS Client\;C:\Program Files\Intel\iCLS Client\;C:\windows\system32;C:\windows;C:\windows\System32\Wbem;C:\windows\System32\WindowsPowerShell\v1.0\;C:\Program Files\ThinkPad\Bluetooth Software\;C:\Program Files\ThinkPad\Bluetooth Software\syswow64;C:\Program Files\Intel\Intel(R) Management Engine Components\DAL;C:\Program Files\Intel\Intel(R) Management Engine Components\IPT;C:\Program Files (x86)\Intel\Intel(R) Management Engine Components\DAL;C:\Program Files (x86)\Intel\Intel(R) Management Engine Components\IPT;C:\Program Files\Intel\WiFi\bin\;C:\Program Files\Common Files\Intel\WirelessCommon\;C:\ProgramData\Lenovo\ReadyApps;D:\runtimes\Java\jdk1.7.0_25\bin;D:\runtimes\python;D:\runtimes\adt\sdk\platform-tools;C:\Program Files (x86)\Windows Kits\8.0\Windows Performance Toolkit\;D:\devkit\bin;D:\devkit\mingw\bin;D:\runtimes\Ruby193\bin;D:\runtimes\apache-ant-1.9.2\bin;D:\runtimes\adt\sdk\tools;C:\nodejs\;D:\runtimes\adt\sdk\build-tools\android-4.2.2;d:\runtimes\php\;D:\runtimes\python\Scripts;D:\runtimes\jython2.5.2;D:\runtimes\jython2.7b1;D:\runtimes\apache-maven-3.1.1\bin;D:\runtimes\python\;D:\Program Files\TortoiseSVN\bin;D:\runtimes\nodejs\;D:\Program Files\TortoiseGit\bin;d:\runtimes\jruby-1.7.9\bin;d:\runtimes\Ruby193\bin;d:\runtimes\jruby-1.7.6\bin;d:\Ruby193\bin;C:\Users\thinkpad\AppData\Roaming\npm;."/>
    <property name="java.specification.name" value="Java Platform API Specification"/>
    <property name="java.class.version" value="51.0"/>
    <property name="sun.management.compiler" value="HotSpot Client Compiler"/>
    <property name="os.version" value="6.2"/>
    <property name="user.home" value="C:\Users\thinkpad"/>
    <property name="user.timezone" value="Asia/Shanghai"/>
    <property name="java.awt.printerjob" value="sun.awt.windows.WPrinterJob"/>
    <property name="java.specification.version" value="1.7"/>
    <property name="file.encoding" value="GBK"/>
    <property name="user.name" value="thinkpad"/>
    <property name="java.class.path" value="C:\Users\thinkpad\AppData\Roaming\NetBeans\7.4\maven\boot\plexus-classworlds-2.4.jar"/>
    <property name="java.vm.specification.version" value="1.7"/>
    <property name="sun.arch.data.model" value="32"/>
    <property name="java.home" value="D:\Program Files (x86)\Java\jdk1.7.0_40\jre"/>
    <property name="sun.java.command" value="org.codehaus.plexus.classworlds.launcher.Launcher -Dtest=com.seveniruby.testin_junit.AppTest -DnetbeansProjectMappings= -Dmaven.ext.class.path=C:\Users\thinkpad\AppData\Roaming\NetBeans\7.4\maven-nblib\netbeans-eventspy.jar surefire:test"/>
    <property name="java.specification.vendor" value="Oracle Corporation"/>
    <property name="user.language" value="zh"/>
    <property name="awt.toolkit" value="sun.awt.windows.WToolkit"/>
    <property name="java.vm.info" value="mixed mode, sharing"/>
    <property name="java.version" value="1.7.0_40"/>
    <property name="java.ext.dirs" value="D:\Program Files (x86)\Java\jdk1.7.0_40\jre\lib\ext;C:\windows\Sun\Java\lib\ext"/>
    <property name="sun.boot.class.path" value="D:\Program Files (x86)\Java\jdk1.7.0_40\jre\lib\resources.jar;D:\Program Files (x86)\Java\jdk1.7.0_40\jre\lib\rt.jar;D:\Program Files (x86)\Java\jdk1.7.0_40\jre\lib\sunrsasign.jar;D:\Program Files (x86)\Java\jdk1.7.0_40\jre\lib\jsse.jar;D:\Program Files (x86)\Java\jdk1.7.0_40\jre\lib\jce.jar;D:\Program Files (x86)\Java\jdk1.7.0_40\jre\lib\charsets.jar;D:\Program Files (x86)\Java\jdk1.7.0_40\jre\lib\jfr.jar;D:\Program Files (x86)\Java\jdk1.7.0_40\jre\classes"/>
    <property name="java.vendor" value="Oracle Corporation"/>
    <property name="maven.home" value="C:\Users\thinkpad\AppData\Roaming\NetBeans\7.4\maven"/>
    <property name="file.separator" value="\"/>
    <property name="java.vendor.url.bug" value="http://bugreport.sun.com/bugreport/"/>
    <property name="sun.cpu.endian" value="little"/>
    <property name="sun.io.unicode.encoding" value="UnicodeLittle"/>
    <property name="sun.desktop" value="windows"/>
    <property name="sun.cpu.isalist" value="pentium_pro+mmx pentium_pro pentium+mmx pentium i486 i386 i86"/>
  </properties>
  <testcase time="0.001" classname="com.seveniruby.testin_junit.AppTest" name="testApp"/>
  <testcase time="0" classname="com.seveniruby.testin_junit.AppTest" name="test_4"/>
  <testcase time="0" classname="com.seveniruby.testin_junit.AppTest" name="test_3"/>
  <testcase time="0.001" classname="com.seveniruby.testin_junit.AppTest" name="test_5">
    <failure message="expected:&lt;3&gt; but was:&lt;101&gt;" type="junit.framework.AssertionFailedError">junit.framework.AssertionFailedError: expected:&lt;3&gt; but was:&lt;101&gt;
	at junit.framework.Assert.fail(Assert.java:47)
	at junit.framework.Assert.failNotEquals(Assert.java:282)
	at junit.framework.Assert.assertEquals(Assert.java:64)
	at junit.framework.Assert.assertEquals(Assert.java:201)
	at junit.framework.Assert.assertEquals(Assert.java:207)
	at com.seveniruby.testin_junit.AppTest.test_5(AppTest.java:66)
</failure>
  </testcase>
  <testcase time="0" classname="com.seveniruby.testin_junit.AppTest" name="test_1"/>
  <testcase time="0" classname="com.seveniruby.testin_junit.AppTest" name="test_2"/>
</testsuite>